<?xml version="1.0" encoding="UTF-8" ?>
<testsuite failures="0" time="1.021" errors="0" skipped="0" tests="12" name="org.jaudiotagger.tag.id3.Unicode23TagTest">
  <properties>
    <property name="java.runtime.name" value="Java(TM) SE Runtime Environment"/>
    <property name="sun.boot.library.path" value="C:\Program Files\Java\jdk1.7.0_05\jre\bin"/>
    <property name="java.vm.version" value="23.1-b03"/>
    <property name="java.vm.vendor" value="Oracle Corporation"/>
    <property name="java.vendor.url" value="http://java.oracle.com/"/>
    <property name="path.separator" value=";"/>
    <property name="guice.disable.misplaced.annotation.check" value="true"/>
    <property name="java.vm.name" value="Java HotSpot(TM) 64-Bit Server VM"/>
    <property name="file.encoding.pkg" value="sun.io"/>
    <property name="user.script" value=""/>
    <property name="user.country" value="US"/>
    <property name="sun.java.launcher" value="SUN_STANDARD"/>
    <property name="sun.os.patch.level" value=""/>
    <property name="java.vm.specification.name" value="Java Virtual Machine Specification"/>
    <property name="user.dir" value="E:\cygwin\home\dhood\jAudioTagger\jaudiotagger~svn\trunk"/>
    <property name="java.runtime.version" value="1.7.0_05-b05"/>
    <property name="java.awt.graphicsenv" value="sun.awt.Win32GraphicsEnvironment"/>
    <property name="java.endorsed.dirs" value="C:\Program Files\Java\jdk1.7.0_05\jre\lib\endorsed"/>
    <property name="os.arch" value="amd64"/>
    <property name="java.io.tmpdir" value="C:\Users\dhood\AppData\Local\Temp\"/>
    <property name="line.separator" value="
"/>
    <property name="java.vm.specification.vendor" value="Oracle Corporation"/>
    <property name="user.variant" value=""/>
    <property name="os.name" value="Windows 7"/>
    <property name="classworlds.conf" value="C:\Program Files\NetBeans 7.1.2\java\maven\bin\..\bin\m2.conf"/>
    <property name="sun.jnu.encoding" value="Cp1252"/>
    <property name="java.library.path" value="C:\Program Files\Java\jdk1.7.0_05\bin;C:\Windows\Sun\Java\bin;C:\Windows\system32;C:\Windows;C:\Program Files (x86)\NVIDIA Corporation\PhysX\Common;C:\Program Files\Java\jdk1.7.0_02\bin;C:\Windows\system32;C:\Windows;C:\Windows\System32\Wbem;C:\Windows\System32\WindowsPowerShell\v1.0\;C:\Users\dhood\AppData\Roaming\npm;C:\Program Files (x86)\nodejs\;C:\Program Files (x86)\Microsoft SQL Server\100\Tools\Binn\;C:\Program Files\Microsoft SQL Server\100\Tools\Binn\;C:\Program Files\Microsoft SQL Server\100\DTS\Binn\;."/>
    <property name="java.specification.name" value="Java Platform API Specification"/>
    <property name="java.class.version" value="51.0"/>
    <property name="sun.management.compiler" value="HotSpot 64-Bit Tiered Compilers"/>
    <property name="os.version" value="6.1"/>
    <property name="user.home" value="C:\Users\dhood"/>
    <property name="user.timezone" value="America/Los_Angeles"/>
    <property name="java.awt.printerjob" value="sun.awt.windows.WPrinterJob"/>
    <property name="java.specification.version" value="1.7"/>
    <property name="file.encoding" value="Cp1252"/>
    <property name="user.name" value="dhood"/>
    <property name="java.class.path" value="C:\Program Files\NetBeans 7.1.2\java\maven\bin\..\boot\plexus-classworlds-2.4.jar"/>
    <property name="java.vm.specification.version" value="1.7"/>
    <property name="sun.arch.data.model" value="64"/>
    <property name="java.home" value="C:\Program Files\Java\jdk1.7.0_05\jre"/>
    <property name="sun.java.command" value="org.codehaus.plexus.classworlds.launcher.Launcher install"/>
    <property name="java.specification.vendor" value="Oracle Corporation"/>
    <property name="user.language" value="en"/>
    <property name="awt.toolkit" value="sun.awt.windows.WToolkit"/>
    <property name="java.vm.info" value="mixed mode"/>
    <property name="java.version" value="1.7.0_05"/>
    <property name="java.ext.dirs" value="C:\Program Files\Java\jdk1.7.0_05\jre\lib\ext;C:\Windows\Sun\Java\lib\ext"/>
    <property name="sun.boot.class.path" value="C:\Program Files\Java\jdk1.7.0_05\jre\lib\resources.jar;C:\Program Files\Java\jdk1.7.0_05\jre\lib\rt.jar;C:\Program Files\Java\jdk1.7.0_05\jre\lib\sunrsasign.jar;C:\Program Files\Java\jdk1.7.0_05\jre\lib\jsse.jar;C:\Program Files\Java\jdk1.7.0_05\jre\lib\jce.jar;C:\Program Files\Java\jdk1.7.0_05\jre\lib\charsets.jar;C:\Program Files\Java\jdk1.7.0_05\jre\lib\jfr.jar;C:\Program Files\Java\jdk1.7.0_05\jre\classes"/>
    <property name="java.vendor" value="Oracle Corporation"/>
    <property name="maven.home" value="C:\Program Files\NetBeans 7.1.2\java\maven\bin\.."/>
    <property name="file.separator" value="\"/>
    <property name="java.vendor.url.bug" value="http://bugreport.sun.com/bugreport/"/>
    <property name="sun.cpu.endian" value="little"/>
    <property name="sun.io.unicode.encoding" value="UnicodeLittle"/>
    <property name="sun.desktop" value="windows"/>
    <property name="sun.cpu.isalist" value="amd64"/>
  </properties>
  <testcase time="0.084" classname="org.jaudiotagger.tag.id3.Unicode23TagTest" name="testCreateUTF16AndResetEvenIfNotNeededIfDefaultSetEncodedSizeTerminatedString"/>
  <testcase time="0.062" classname="org.jaudiotagger.tag.id3.Unicode23TagTest" name="testCreateUTF16AndResetEvenIfNotNeededIfDefaultSetEncodedSizeTerminatedStringUnsnced"/>
  <testcase time="0.061" classname="org.jaudiotagger.tag.id3.Unicode23TagTest" name="testDoesntCreateUTF16IfDefaultSetEncodedSizeTerminatedStringifOverriddenUsingSetBody"/>
  <testcase time="0.043" classname="org.jaudiotagger.tag.id3.Unicode23TagTest" name="testCreateUTF16BOMLEEvenIfNotNeededIfDefaultSetEncodedSizeTerminatedString"/>
  <testcase time="0.072" classname="org.jaudiotagger.tag.id3.Unicode23TagTest" name="testCreateUTF16BOMLEEncodedSizeTerminatedString"/>
  <testcase time="0.048" classname="org.jaudiotagger.tag.id3.Unicode23TagTest" name="testCreateUTF16BOMBEEncodedSizeTerminatedString"/>
  <testcase time="0.048" classname="org.jaudiotagger.tag.id3.Unicode23TagTest" name="testCreateUTF16AutoEncodedSizeTerminatedString"/>
  <testcase time="0.074" classname="org.jaudiotagger.tag.id3.Unicode23TagTest" name="testFixv23TagsWithInvalidEncodingAndDefaultOverridden"/>
  <testcase time="0.094" classname="org.jaudiotagger.tag.id3.Unicode23TagTest" name="testCreateISO8859EncodedSizeTerminatedString"/>
  <testcase time="0.072" classname="org.jaudiotagger.tag.id3.Unicode23TagTest" name="testCreateUTF16BEEncodedSizeTerminatedString"/>
  <testcase time="0.288" classname="org.jaudiotagger.tag.id3.Unicode23TagTest" name="testCreateUTF8EncodedSizeTerminatedString"/>
  <testcase time="0.074" classname="org.jaudiotagger.tag.id3.Unicode23TagTest" name="testFixv23TagsWithInvalidEncoding"/>
</testsuite>