<?xml version="1.0" encoding="UTF-8" ?>
<testsuite failures="0" time="8.545" errors="0" skipped="0" tests="26" name="org.jaudiotagger.tag.mp4.M4aWriteTagTest">
  <properties>
    <property name="java.runtime.name" value="Java(TM) SE Runtime Environment"/>
    <property name="sun.boot.library.path" value="C:\Program Files\Java\jdk1.7.0_05\jre\bin"/>
    <property name="java.vm.version" value="23.1-b03"/>
    <property name="java.vm.vendor" value="Oracle Corporation"/>
    <property name="java.vendor.url" value="http://java.oracle.com/"/>
    <property name="path.separator" value=";"/>
    <property name="guice.disable.misplaced.annotation.check" value="true"/>
    <property name="java.vm.name" value="Java HotSpot(TM) 64-Bit Server VM"/>
    <property name="file.encoding.pkg" value="sun.io"/>
    <property name="user.script" value=""/>
    <property name="user.country" value="US"/>
    <property name="sun.java.launcher" value="SUN_STANDARD"/>
    <property name="sun.os.patch.level" value=""/>
    <property name="java.vm.specification.name" value="Java Virtual Machine Specification"/>
    <property name="user.dir" value="E:\cygwin\home\dhood\jAudioTagger\jaudiotagger~svn\trunk"/>
    <property name="java.runtime.version" value="1.7.0_05-b05"/>
    <property name="java.awt.graphicsenv" value="sun.awt.Win32GraphicsEnvironment"/>
    <property name="java.endorsed.dirs" value="C:\Program Files\Java\jdk1.7.0_05\jre\lib\endorsed"/>
    <property name="os.arch" value="amd64"/>
    <property name="java.io.tmpdir" value="C:\Users\dhood\AppData\Local\Temp\"/>
    <property name="line.separator" value="
"/>
    <property name="java.vm.specification.vendor" value="Oracle Corporation"/>
    <property name="user.variant" value=""/>
    <property name="os.name" value="Windows 7"/>
    <property name="classworlds.conf" value="C:\Program Files\NetBeans 7.1.2\java\maven\bin\..\bin\m2.conf"/>
    <property name="sun.jnu.encoding" value="Cp1252"/>
    <property name="java.library.path" value="C:\Program Files\Java\jdk1.7.0_05\bin;C:\Windows\Sun\Java\bin;C:\Windows\system32;C:\Windows;C:\Program Files (x86)\NVIDIA Corporation\PhysX\Common;C:\Program Files\Java\jdk1.7.0_02\bin;C:\Windows\system32;C:\Windows;C:\Windows\System32\Wbem;C:\Windows\System32\WindowsPowerShell\v1.0\;C:\Users\dhood\AppData\Roaming\npm;C:\Program Files (x86)\nodejs\;C:\Program Files (x86)\Microsoft SQL Server\100\Tools\Binn\;C:\Program Files\Microsoft SQL Server\100\Tools\Binn\;C:\Program Files\Microsoft SQL Server\100\DTS\Binn\;."/>
    <property name="java.specification.name" value="Java Platform API Specification"/>
    <property name="java.class.version" value="51.0"/>
    <property name="sun.management.compiler" value="HotSpot 64-Bit Tiered Compilers"/>
    <property name="os.version" value="6.1"/>
    <property name="user.home" value="C:\Users\dhood"/>
    <property name="user.timezone" value="America/Los_Angeles"/>
    <property name="java.awt.printerjob" value="sun.awt.windows.WPrinterJob"/>
    <property name="java.specification.version" value="1.7"/>
    <property name="file.encoding" value="Cp1252"/>
    <property name="user.name" value="dhood"/>
    <property name="java.class.path" value="C:\Program Files\NetBeans 7.1.2\java\maven\bin\..\boot\plexus-classworlds-2.4.jar"/>
    <property name="java.vm.specification.version" value="1.7"/>
    <property name="sun.arch.data.model" value="64"/>
    <property name="java.home" value="C:\Program Files\Java\jdk1.7.0_05\jre"/>
    <property name="sun.java.command" value="org.codehaus.plexus.classworlds.launcher.Launcher install"/>
    <property name="java.specification.vendor" value="Oracle Corporation"/>
    <property name="user.language" value="en"/>
    <property name="awt.toolkit" value="sun.awt.windows.WToolkit"/>
    <property name="java.vm.info" value="mixed mode"/>
    <property name="java.version" value="1.7.0_05"/>
    <property name="java.ext.dirs" value="C:\Program Files\Java\jdk1.7.0_05\jre\lib\ext;C:\Windows\Sun\Java\lib\ext"/>
    <property name="sun.boot.class.path" value="C:\Program Files\Java\jdk1.7.0_05\jre\lib\resources.jar;C:\Program Files\Java\jdk1.7.0_05\jre\lib\rt.jar;C:\Program Files\Java\jdk1.7.0_05\jre\lib\sunrsasign.jar;C:\Program Files\Java\jdk1.7.0_05\jre\lib\jsse.jar;C:\Program Files\Java\jdk1.7.0_05\jre\lib\jce.jar;C:\Program Files\Java\jdk1.7.0_05\jre\lib\charsets.jar;C:\Program Files\Java\jdk1.7.0_05\jre\lib\jfr.jar;C:\Program Files\Java\jdk1.7.0_05\jre\classes"/>
    <property name="java.vendor" value="Oracle Corporation"/>
    <property name="maven.home" value="C:\Program Files\NetBeans 7.1.2\java\maven\bin\.."/>
    <property name="file.separator" value="\"/>
    <property name="java.vendor.url.bug" value="http://bugreport.sun.com/bugreport/"/>
    <property name="sun.cpu.endian" value="little"/>
    <property name="sun.io.unicode.encoding" value="UnicodeLittle"/>
    <property name="sun.desktop" value="windows"/>
    <property name="sun.cpu.isalist" value="amd64"/>
  </properties>
  <testcase time="0.341" classname="org.jaudiotagger.tag.mp4.M4aWriteTagTest" name="testWriteFileSmallerSizeMoreThanEightBytesSmallerNoMetaFreeAtom"/>
  <testcase time="0" classname="org.jaudiotagger.tag.mp4.M4aWriteTagTest" name="testWriteFileLargerSizeLessThanTopLevelFreeWhenFreeAafterMdat"/>
  <testcase time="0.322" classname="org.jaudiotagger.tag.mp4.M4aWriteTagTest" name="testDeleteTag"/>
  <testcase time="0.278" classname="org.jaudiotagger.tag.mp4.M4aWriteTagTest" name="testWriteMultipleFields"/>
  <testcase time="0.73" classname="org.jaudiotagger.tag.mp4.M4aWriteTagTest" name="testDeleteFields"/>
  <testcase time="0.295" classname="org.jaudiotagger.tag.mp4.M4aWriteTagTest" name="testWriteFileSmallerSizeLessThanEightBytesNoMetaFreeAtom"/>
  <testcase time="0.365" classname="org.jaudiotagger.tag.mp4.M4aWriteTagTest" name="testWriteFileSmallerSizeLessThanEightBytesNoFreeAtoms"/>
  <testcase time="0.376" classname="org.jaudiotagger.tag.mp4.M4aWriteTagTest" name="testWriteFileLargerSizeEqualToTopLevelFreeSpace"/>
  <testcase time="0" classname="org.jaudiotagger.tag.mp4.M4aWriteTagTest" name="testWriteFileLargerSizeEqualToTopLevelFreeWhenFreeAafterMdat"/>
  <testcase time="0.332" classname="org.jaudiotagger.tag.mp4.M4aWriteTagTest" name="testWriteFileSameSizeNoMetaFreeAtom"/>
  <testcase time="0.336" classname="org.jaudiotagger.tag.mp4.M4aWriteTagTest" name="testWriteFileSmallerNoFreeAtoms"/>
  <testcase time="0.487" classname="org.jaudiotagger.tag.mp4.M4aWriteTagTest" name="testWriteFileLargerSizeNoMetaFreeAtom"/>
  <testcase time="0.376" classname="org.jaudiotagger.tag.mp4.M4aWriteTagTest" name="testWriteFileWhichDoesntHaveAMetadataAtom"/>
  <testcase time="0" classname="org.jaudiotagger.tag.mp4.M4aWriteTagTest" name="testWriteFileLargerSizeNoTopLevelFreeAtom"/>
  <testcase time="0" classname="org.jaudiotagger.tag.mp4.M4aWriteTagTest" name="testWriteMuchLargerWhenFreeIsAfterMdat"/>
  <testcase time="0.277" classname="org.jaudiotagger.tag.mp4.M4aWriteTagTest" name="testWriteFileSameSize"/>
  <testcase time="0.276" classname="org.jaudiotagger.tag.mp4.M4aWriteTagTest" name="testWriteFileSmallerSize"/>
  <testcase time="0.687" classname="org.jaudiotagger.tag.mp4.M4aWriteTagTest" name="testWriteFileLargerSize"/>
  <testcase time="0.369" classname="org.jaudiotagger.tag.mp4.M4aWriteTagTest" name="testWriteFileAlotLargerSize"/>
  <testcase time="0.375" classname="org.jaudiotagger.tag.mp4.M4aWriteTagTest" name="testWriteFileMuchLargerSize"/>
  <testcase time="0.284" classname="org.jaudiotagger.tag.mp4.M4aWriteTagTest" name="testDeleteTag2"/>
  <testcase time="0.652" classname="org.jaudiotagger.tag.mp4.M4aWriteTagTest" name="testWriteAllFields"/>
  <testcase time="1.184" classname="org.jaudiotagger.tag.mp4.M4aWriteTagTest" name="testWriteGenres"/>
  <testcase time="0.192" classname="org.jaudiotagger.tag.mp4.M4aWriteTagTest" name="testWriteCustomGenresAlways"/>
  <testcase time="0" classname="org.jaudiotagger.tag.mp4.M4aWriteTagTest" name="testWriteWhenFreeisAfterMdat"/>
  <testcase time="0" classname="org.jaudiotagger.tag.mp4.M4aWriteTagTest" name="testWritingIssue198"/>
</testsuite>